17:09:13.185 Checking updates...
17:09:18.466 # Enroll Patients To Treatment
17:09:18.468 ## Create a patient and enroll to a treatment
17:09:18.469 * Create a random patient
17:09:18.469 * On the login page
17:09:19.304 * Login with username "superman" and password "Admin123"
17:09:20.716 * Click on registration app
17:09:22.094 * Click on create new patient link
17:09:23.184 * Create the following patient 

     |EMR_ID_PREFIX|FirstName|Last Name|Gender|Date Of Birth|Address1|nationalIdentificationNumber|
     |-------------|---------|---------|------|-------------|--------|----------------------------|
     |GAN          |Dharam   |Kumar    |Male  |20/01/2011   |Bilaspur|13898                       |
17:09:24.662 * Click on treatment enrollment
17:09:25.733 * Register the patient to following program 

     |TB Register                      |Date Of Registration|Registration Number|Registration Facility     |
     |---------------------------------|--------------------|-------------------|--------------------------|
     |Basic management unit TB register|01/01/2015          |ABC                |Facility1, City1, Country1|
17:09:27.938 
Failed Step: Register the patient to following program
17:09:27.938 Specification: specs/endtb/enrollPatientsToTreatment.spec:9
17:09:27.938 Error Message: java.lang.IndexOutOfBoundsException: Index: 1, Size: 1
17:09:27.938 Stacktrace: 
java.util.ArrayList.rangeCheck(ArrayList.java:635)
java.util.ArrayList.get(ArrayList.java:411)
org.bahmni.test.page.program.ProgramManagamentPage.transformTableToProgram(ProgramManagamentPage.java:145)
org.bahmni.endtb.page.program.EndTBProgramManagementPage.transformTableToProgram(EndTBProgramManagementPage.java:43)
org.bahmni.test.page.ProgramManagementSpec.enrollPatientToProgram(ProgramManagementSpec.java:13)
sun.reflect.NativeMethodAccessorImpl.invoke0(Native Method)
sun.reflect.NativeMethodAccessorImpl.invoke(NativeMethodAccessorImpl.java:57)
sun.reflect.DelegatingMethodAccessorImpl.invoke(DelegatingMethodAccessorImpl.java:43)
java.lang.reflect.Method.invoke(Method.java:606)
com.thoughtworks.gauge.execution.MethodExecutor.execute(MethodExecutor.java:31)
com.thoughtworks.gauge.execution.StepExecutionStage.executeStepMethod(StepExecutionStage.java:94)
com.thoughtworks.gauge.execution.StepExecutionStage.executeStep(StepExecutionStage.java:77)
com.thoughtworks.gauge.execution.StepExecutionStage.execute(StepExecutionStage.java:58)
com.thoughtworks.gauge.execution.AbstractExecutionStage.executeNext(AbstractExecutionStage.java:24)
com.thoughtworks.gauge.execution.HookExecutionStage.execute(HookExecutionStage.java:42)
com.thoughtworks.gauge.execution.ExecutionPipeline.start(ExecutionPipeline.java:31)
com.thoughtworks.gauge.processor.ExecuteStepProcessor.process(ExecuteStepProcessor.java:34)
com.thoughtworks.gauge.connection.MessageDispatcher.dispatchMessages(MessageDispatcher.java:72)
com.thoughtworks.gauge.GaugeRuntime.main(GaugeRuntime.java:37)
17:09:28.167 Plugin [Html Report] with pid [77820] has exited
17:09:29.578 Specifications:	1 executed	0 passed	1 failed	0 skipped
17:09:29.578 Scenarios:	1 executed	0 passed	1 failed	0 skipped
17:09:29.578 
Total time taken: 12.57s
17:10:16.600 # Enroll Patients To Treatment
17:10:16.601 ## Create a patient and enroll to a treatment
17:10:16.601 * Create a random patient
17:10:16.601 * On the login page
17:10:16.696 Checking updates...
17:10:17.869 * Login with username "superman" and password "Admin123"
17:10:19.291 * Click on registration app
17:10:20.640 * Click on create new patient link
17:10:21.733 * Create the following patient 

     |EMR_ID_PREFIX|FirstName|Last Name|Gender|Date Of Birth|Address1|nationalIdentificationNumber|
     |-------------|---------|---------|------|-------------|--------|----------------------------|
     |GAN          |Dharam   |Kumar    |Male  |20/01/2011   |Bilaspur|13898                       |
17:10:23.192 * Click on treatment enrollment
17:10:24.260 * Register the patient to following program 

     |TB Register                      |Date Of Registration|Registration Number|Registration Facility     |
     |---------------------------------|--------------------|-------------------|--------------------------|
     |Basic management unit TB register|01/01/2015          |ABC                |Facility1, City1, Country1|
17:10:26.334 * Ensure that the patient is registered to mentioned program
17:10:27.632 Plugin [Html Report] with pid [78290] has exited
17:10:27.632 Specifications:	1 executed	1 passed	0 failed	0 skipped
17:10:27.632 Scenarios:	1 executed	1 passed	0 failed	0 skipped
17:10:27.632 
Total time taken: 13.509s
17:12:29.980 Checking updates...
17:12:32.838 # Create Patient Scenarios
17:12:32.840 ## Login to the App
17:12:32.840 * On the login page
17:12:33.891 * Login with username "superman" and password "Admin123"
17:12:35.280 * Click on registration app
17:12:36.618 * Click on create new patient link
17:12:37.706 * Create the following patient 

     |EMR_ID_PREFIX|FirstName|Last Name  |Gender|Date Of Birth|Address1|
     |-------------|---------|-----------|------|-------------|--------|
     |GAN          |Bharat   |Akkinepalli|Male  |20/01/2011   |Bilaspur|
17:12:39.218 
Failed Step: Create the following patient
17:12:39.218 Error Message: java.lang.IndexOutOfBoundsException: Index: 6, Size: 6
17:12:39.218 Specification: specs/core/login.spec:11
17:12:39.218 Stacktrace: 
java.util.ArrayList.rangeCheck(ArrayList.java:635)
java.util.ArrayList.get(ArrayList.java:411)
org.bahmni.endtb.page.registration.EndTBRegistrationFirstPage.transformTableRowToPatient(EndTBRegistrationFirstPage.java:36)
org.bahmni.test.page.RegistrationFirstPageSpec.createPatients(RegistrationFirstPageSpec.java:39)
sun.reflect.NativeMethodAccessorImpl.invoke0(Native Method)
sun.reflect.NativeMethodAccessorImpl.invoke(NativeMethodAccessorImpl.java:57)
sun.reflect.DelegatingMethodAccessorImpl.invoke(DelegatingMethodAccessorImpl.java:43)
java.lang.reflect.Method.invoke(Method.java:606)
com.thoughtworks.gauge.execution.MethodExecutor.execute(MethodExecutor.java:31)
com.thoughtworks.gauge.execution.StepExecutionStage.executeStepMethod(StepExecutionStage.java:94)
com.thoughtworks.gauge.execution.StepExecutionStage.executeStep(StepExecutionStage.java:77)
com.thoughtworks.gauge.execution.StepExecutionStage.execute(StepExecutionStage.java:58)
com.thoughtworks.gauge.execution.AbstractExecutionStage.executeNext(AbstractExecutionStage.java:24)
com.thoughtworks.gauge.execution.HookExecutionStage.execute(HookExecutionStage.java:42)
com.thoughtworks.gauge.execution.ExecutionPipeline.start(ExecutionPipeline.java:31)
com.thoughtworks.gauge.processor.ExecuteStepProcessor.process(ExecuteStepProcessor.java:34)
com.thoughtworks.gauge.connection.MessageDispatcher.dispatchMessages(MessageDispatcher.java:72)
com.thoughtworks.gauge.GaugeRuntime.main(GaugeRuntime.java:37)
17:12:39.220 # Enroll Patients To Treatment
17:12:39.220 ## Create a patient and enroll to a treatment
17:12:39.221 * Create a random patient
17:12:39.221 * On the login page
17:12:39.388 * Login with username "superman" and password "Admin123"
17:12:41.068 
Failed Step: Login with username "superman" and password "Admin123"
17:12:41.068 Error Message: org.openqa.selenium.NoSuchElementException: no such element: Unable to locate element: {"method":"css selector","selector":"#username"}
  (Session info: chrome=51.0.2704.103)
  (Driver info: chromedriver=2.22.397929 (fb72fb249a903a0b1041ea71eb4c8b3fa0d9be5a),platform=Mac OS X 10.11.5 x86_64) (WARNING: The server did not provide any stacktrace information)
Command duration or timeout: 14 milliseconds
For documentation on this error, please visit: http://seleniumhq.org/exceptions/no_such_element.html
Build info: version: '2.52.0', revision: '4c2593cfc3689a7fcd7be52549167e5ccc93ad28', time: '2016-02-11 11:22:43'
System info: host: 'INbha.local', ip: '192.168.1.149', os.name: 'Mac OS X', os.arch: 'x86_64', os.version: '10.11.5', java.version: '1.7.0_71'
*** Element info: {Using=css selector, value=#username}
Session ID: 071c9b07d6d036a1fc9f918d005ad804
Driver info: org.openqa.selenium.chrome.ChromeDriver
Capabilities [{platform=MAC, acceptSslCerts=true, javascriptEnabled=true, browserName=chrome, chrome={userDataDir=/var/folders/lk/wbyh2y9970s9vq1btj3_9xxc0000gp/T/.org.chromium.Chromium.ZcqzUK, chromedriverVersion=2.22.397929 (fb72fb249a903a0b1041ea71eb4c8b3fa0d9be5a)}, rotatable=false, locationContextEnabled=true, mobileEmulationEnabled=false, version=51.0.2704.103, takesHeapSnapshot=true, cssSelectorsEnabled=true, databaseEnabled=false, handlesAlerts=true, browserConnectionEnabled=false, webStorageEnabled=true, nativeEvents=true, hasTouchScreen=false, applicationCacheEnabled=false, takesScreenshot=true}]
17:12:41.068 Specification: specs/endtb/enrollPatientsToTreatment.spec
17:12:41.068 Stacktrace: 
sun.reflect.NativeConstructorAccessorImpl.newInstance0(Native Method)
sun.reflect.NativeConstructorAccessorImpl.newInstance(NativeConstructorAccessorImpl.java:57)
sun.reflect.DelegatingConstructorAccessorImpl.newInstance(DelegatingConstructorAccessorImpl.java:45)
java.lang.reflect.Constructor.newInstance(Constructor.java:526)
org.openqa.selenium.remote.ErrorHandler.createThrowable(ErrorHandler.java:206)
org.openqa.selenium.remote.ErrorHandler.throwIfResponseFailed(ErrorHandler.java:158)
org.openqa.selenium.remote.RemoteWebDriver.execute(RemoteWebDriver.java:678)
org.openqa.selenium.remote.RemoteWebDriver.findElement(RemoteWebDriver.java:363)
org.openqa.selenium.remote.RemoteWebDriver.findElementByCssSelector(RemoteWebDriver.java:492)
org.openqa.selenium.By$ByCssSelector.findElement(By.java:430)
org.openqa.selenium.remote.RemoteWebDriver.findElement(RemoteWebDriver.java:355)
org.openqa.selenium.support.pagefactory.DefaultElementLocator.findElement(DefaultElementLocator.java:69)
org.openqa.selenium.support.pagefactory.internal.LocatingElementHandler.invoke(LocatingElementHandler.java:38)
com.sun.proxy.$Proxy3.sendKeys(Unknown Source)
org.bahmni.test.page.login.LoginPage.login(LoginPage.java:40)
org.bahmni.test.page.login.LoginPage.login(LoginPage.java:36)
org.bahmni.test.page.LoginSpec.login(LoginSpec.java:25)
sun.reflect.NativeMethodAccessorImpl.invoke0(Native Method)
sun.reflect.NativeMethodAccessorImpl.invoke(NativeMethodAccessorImpl.java:57)
sun.reflect.DelegatingMethodAccessorImpl.invoke(DelegatingMethodAccessorImpl.java:43)
java.lang.reflect.Method.invoke(Method.java:606)
com.thoughtworks.gauge.execution.MethodExecutor.execute(MethodExecutor.java:31)
com.thoughtworks.gauge.execution.StepExecutionStage.executeStepMethod(StepExecutionStage.java:94)
com.thoughtworks.gauge.execution.StepExecutionStage.executeStep(StepExecutionStage.java:77)
com.thoughtworks.gauge.execution.StepExecutionStage.execute(StepExecutionStage.java:58)
com.thoughtworks.gauge.execution.AbstractExecutionStage.executeNext(AbstractExecutionStage.java:24)
com.thoughtworks.gauge.execution.HookExecutionStage.execute(HookExecutionStage.java:42)
com.thoughtworks.gauge.execution.ExecutionPipeline.start(ExecutionPipeline.java:31)
com.thoughtworks.gauge.processor.ExecuteStepProcessor.process(ExecuteStepProcessor.java:34)
com.thoughtworks.gauge.connection.MessageDispatcher.dispatchMessages(MessageDispatcher.java:72)
com.thoughtworks.gauge.GaugeRuntime.main(GaugeRuntime.java:37)
17:12:41.069 # Create EndTB Patient Scenarios
17:12:41.070 ## Login to the App
17:12:41.070 * On the login page
17:12:41.230 * Login with username "superman" and password "Admin123"
17:12:42.530 
Failed Step: Login with username "superman" and password "Admin123"
17:12:42.530 Error Message: org.openqa.selenium.NoSuchElementException: no such element: Unable to locate element: {"method":"css selector","selector":"#username"}
  (Session info: chrome=51.0.2704.103)
  (Driver info: chromedriver=2.22.397929 (fb72fb249a903a0b1041ea71eb4c8b3fa0d9be5a),platform=Mac OS X 10.11.5 x86_64) (WARNING: The server did not provide any stacktrace information)
Command duration or timeout: 14 milliseconds
For documentation on this error, please visit: http://seleniumhq.org/exceptions/no_such_element.html
Build info: version: '2.52.0', revision: '4c2593cfc3689a7fcd7be52549167e5ccc93ad28', time: '2016-02-11 11:22:43'
System info: host: 'INbha.local', ip: '192.168.1.149', os.name: 'Mac OS X', os.arch: 'x86_64', os.version: '10.11.5', java.version: '1.7.0_71'
*** Element info: {Using=css selector, value=#username}
Session ID: 071c9b07d6d036a1fc9f918d005ad804
Driver info: org.openqa.selenium.chrome.ChromeDriver
Capabilities [{platform=MAC, acceptSslCerts=true, javascriptEnabled=true, browserName=chrome, chrome={userDataDir=/var/folders/lk/wbyh2y9970s9vq1btj3_9xxc0000gp/T/.org.chromium.Chromium.ZcqzUK, chromedriverVersion=2.22.397929 (fb72fb249a903a0b1041ea71eb4c8b3fa0d9be5a)}, rotatable=false, locationContextEnabled=true, mobileEmulationEnabled=false, version=51.0.2704.103, takesHeapSnapshot=true, cssSelectorsEnabled=true, databaseEnabled=false, handlesAlerts=true, browserConnectionEnabled=false, webStorageEnabled=true, nativeEvents=true, hasTouchScreen=false, applicationCacheEnabled=false, takesScreenshot=true}]
17:12:42.530 Specification: specs/endtb/login.spec:8
17:12:42.530 Stacktrace: 
sun.reflect.NativeConstructorAccessorImpl.newInstance0(Native Method)
sun.reflect.NativeConstructorAccessorImpl.newInstance(NativeConstructorAccessorImpl.java:57)
sun.reflect.DelegatingConstructorAccessorImpl.newInstance(DelegatingConstructorAccessorImpl.java:45)
java.lang.reflect.Constructor.newInstance(Constructor.java:526)
org.openqa.selenium.remote.ErrorHandler.createThrowable(ErrorHandler.java:206)
org.openqa.selenium.remote.ErrorHandler.throwIfResponseFailed(ErrorHandler.java:158)
org.openqa.selenium.remote.RemoteWebDriver.execute(RemoteWebDriver.java:678)
org.openqa.selenium.remote.RemoteWebDriver.findElement(RemoteWebDriver.java:363)
org.openqa.selenium.remote.RemoteWebDriver.findElementByCssSelector(RemoteWebDriver.java:492)
org.openqa.selenium.By$ByCssSelector.findElement(By.java:430)
org.openqa.selenium.remote.RemoteWebDriver.findElement(RemoteWebDriver.java:355)
org.openqa.selenium.support.pagefactory.DefaultElementLocator.findElement(DefaultElementLocator.java:69)
org.openqa.selenium.support.pagefactory.internal.LocatingElementHandler.invoke(LocatingElementHandler.java:38)
com.sun.proxy.$Proxy3.sendKeys(Unknown Source)
org.bahmni.test.page.login.LoginPage.login(LoginPage.java:40)
org.bahmni.test.page.login.LoginPage.login(LoginPage.java:36)
org.bahmni.test.page.LoginSpec.login(LoginSpec.java:25)
sun.reflect.NativeMethodAccessorImpl.invoke0(Native Method)
sun.reflect.NativeMethodAccessorImpl.invoke(NativeMethodAccessorImpl.java:57)
sun.reflect.DelegatingMethodAccessorImpl.invoke(DelegatingMethodAccessorImpl.java:43)
java.lang.reflect.Method.invoke(Method.java:606)
com.thoughtworks.gauge.execution.MethodExecutor.execute(MethodExecutor.java:31)
com.thoughtworks.gauge.execution.StepExecutionStage.executeStepMethod(StepExecutionStage.java:94)
com.thoughtworks.gauge.execution.StepExecutionStage.executeStep(StepExecutionStage.java:77)
com.thoughtworks.gauge.execution.StepExecutionStage.execute(StepExecutionStage.java:58)
com.thoughtworks.gauge.execution.AbstractExecutionStage.executeNext(AbstractExecutionStage.java:24)
com.thoughtworks.gauge.execution.HookExecutionStage.execute(HookExecutionStage.java:42)
com.thoughtworks.gauge.execution.ExecutionPipeline.start(ExecutionPipeline.java:31)
com.thoughtworks.gauge.processor.ExecuteStepProcessor.process(ExecuteStepProcessor.java:34)
com.thoughtworks.gauge.connection.MessageDispatcher.dispatchMessages(MessageDispatcher.java:72)
com.thoughtworks.gauge.GaugeRuntime.main(GaugeRuntime.java:37)
17:12:42.531 # Specification Heading
17:12:42.531 ## Vowel counts in single word
17:12:42.532 * Vowels in English language are "aeiou".

17:12:42.533 * The word "gauge" has "3" vowels.

17:12:42.536 ## Vowel counts in multiple word
17:12:42.536 * Vowels in English language are "aeiou".

17:12:42.537 * Almost all words have vowels 

     |Word  |Vowel Count|
     |------|-----------|
     |Gauge |3          |
     |Mingle|2          |
     |Snap  |1          |
     |GoCD  |1          |
     |Rhythm|0          |
17:12:42.829 Plugin [Html Report] with pid [79693] has exited
17:12:45.248 Specifications:	4 executed	1 passed	3 failed	0 skipped
17:12:45.248 Scenarios:	5 executed	2 passed	3 failed	0 skipped
17:12:45.248 
Total time taken: 12.231s
09:05:53.528 Got a kill message. Killing runner.
09:05:57.538 Killing runner with PID:16883 forcefully
09:08:33.328 Checking updates...
09:08:35.623 # Enroll Patients To Treatment
09:08:35.625 ## Create a patient and enroll to a treatment
09:08:35.626 * Create a random patient
09:08:35.626 * On the login page
09:08:36.503 * Login with username "superman" and password "Admin123"
09:09:09.732 
Failed Step: Login with username "superman" and password "Admin123"
09:09:09.732 Specification: specs/endtb/enrollPatientsToTreatment.spec
09:09:09.732 Error Message: org.openqa.selenium.WebDriverException: chrome not reachable
  (Session info: chrome=51.0.2704.103)
  (Driver info: chromedriver=2.22.397929 (fb72fb249a903a0b1041ea71eb4c8b3fa0d9be5a),platform=Mac OS X 10.11.5 x86_64) (WARNING: The server did not provide any stacktrace information)
Command duration or timeout: 4 milliseconds
Build info: version: '2.52.0', revision: '4c2593cfc3689a7fcd7be52549167e5ccc93ad28', time: '2016-02-11 11:22:43'
System info: host: 'INbha.local', ip: '10.136.22.208', os.name: 'Mac OS X', os.arch: 'x86_64', os.version: '10.11.5', java.version: '1.7.0_71'
*** Element info: {Using=css selector, value=#overlay}
Session ID: d89ba3a54e3ccd0b54ca02f8f46eaae3
Driver info: org.openqa.selenium.chrome.ChromeDriver
Capabilities [{platform=MAC, acceptSslCerts=true, javascriptEnabled=true, browserName=chrome, chrome={userDataDir=/var/folders/lk/wbyh2y9970s9vq1btj3_9xxc0000gp/T/.org.chromium.Chromium.vIM2Lk, chromedriverVersion=2.22.397929 (fb72fb249a903a0b1041ea71eb4c8b3fa0d9be5a)}, rotatable=false, locationContextEnabled=true, mobileEmulationEnabled=false, version=51.0.2704.103, takesHeapSnapshot=true, cssSelectorsEnabled=true, databaseEnabled=false, handlesAlerts=true, browserConnectionEnabled=false, webStorageEnabled=true, nativeEvents=true, hasTouchScreen=false, applicationCacheEnabled=false, takesScreenshot=true}]
09:09:09.732 Stacktrace: 
sun.reflect.NativeConstructorAccessorImpl.newInstance0(Native Method)
sun.reflect.NativeConstructorAccessorImpl.newInstance(NativeConstructorAccessorImpl.java:57)
sun.reflect.DelegatingConstructorAccessorImpl.newInstance(DelegatingConstructorAccessorImpl.java:45)
java.lang.reflect.Constructor.newInstance(Constructor.java:526)
org.openqa.selenium.remote.ErrorHandler.createThrowable(ErrorHandler.java:206)
org.openqa.selenium.remote.ErrorHandler.throwIfResponseFailed(ErrorHandler.java:158)
org.openqa.selenium.remote.RemoteWebDriver.execute(RemoteWebDriver.java:678)
org.openqa.selenium.remote.RemoteWebDriver.findElement(RemoteWebDriver.java:363)
org.openqa.selenium.remote.RemoteWebDriver.findElementByCssSelector(RemoteWebDriver.java:492)
org.openqa.selenium.By$ByCssSelector.findElement(By.java:430)
org.openqa.selenium.remote.RemoteWebDriver.findElement(RemoteWebDriver.java:355)
org.openqa.selenium.support.ui.ExpectedConditions.findElement(ExpectedConditions.java:911)
org.openqa.selenium.support.ui.ExpectedConditions.access$000(ExpectedConditions.java:41)
org.openqa.selenium.support.ui.ExpectedConditions$20.apply(ExpectedConditions.java:591)
org.openqa.selenium.support.ui.ExpectedConditions$20.apply(ExpectedConditions.java:587)
org.openqa.selenium.support.ui.FluentWait.until(FluentWait.java:238)
org.bahmni.test.PageFactory.waitForSpinner(PageFactory.java:63)
org.bahmni.test.PageFactory.getPage(PageFactory.java:51)
org.bahmni.test.PageFactory.getLoginPage(PageFactory.java:71)
org.bahmni.test.page.LoginSpec.login(LoginSpec.java:24)
sun.reflect.NativeMethodAccessorImpl.invoke0(Native Method)
sun.reflect.NativeMethodAccessorImpl.invoke(NativeMethodAccessorImpl.java:57)
sun.reflect.DelegatingMethodAccessorImpl.invoke(DelegatingMethodAccessorImpl.java:43)
java.lang.reflect.Method.invoke(Method.java:606)
com.thoughtworks.gauge.execution.MethodExecutor.execute(MethodExecutor.java:31)
com.thoughtworks.gauge.execution.StepExecutionStage.executeStepMethod(StepExecutionStage.java:94)
com.thoughtworks.gauge.execution.StepExecutionStage.executeStep(StepExecutionStage.java:77)
com.thoughtworks.gauge.execution.StepExecutionStage.execute(StepExecutionStage.java:58)
com.thoughtworks.gauge.execution.AbstractExecutionStage.executeNext(AbstractExecutionStage.java:24)
com.thoughtworks.gauge.execution.HookExecutionStage.execute(HookExecutionStage.java:42)
com.thoughtworks.gauge.execution.ExecutionPipeline.start(ExecutionPipeline.java:31)
com.thoughtworks.gauge.processor.ExecuteStepProcessor.process(ExecuteStepProcessor.java:34)
com.thoughtworks.gauge.connection.MessageDispatcher.dispatchMessages(MessageDispatcher.java:72)
com.thoughtworks.gauge.GaugeRuntime.main(GaugeRuntime.java:37)
09:09:10.065 Error Message: org.openqa.selenium.WebDriverException: chrome not reachable
  (Session info: chrome=51.0.2704.103)
  (Driver info: chromedriver=2.22.397929 (fb72fb249a903a0b1041ea71eb4c8b3fa0d9be5a),platform=Mac OS X 10.11.5 x86_64) (WARNING: The server did not provide any stacktrace information)
Command duration or timeout: 2 milliseconds
Build info: version: '2.52.0', revision: '4c2593cfc3689a7fcd7be52549167e5ccc93ad28', time: '2016-02-11 11:22:43'
System info: host: 'INbha.local', ip: '10.136.22.208', os.name: 'Mac OS X', os.arch: 'x86_64', os.version: '10.11.5', java.version: '1.7.0_71'
Session ID: d89ba3a54e3ccd0b54ca02f8f46eaae3
Driver info: org.openqa.selenium.chrome.ChromeDriver
Capabilities [{platform=MAC, acceptSslCerts=true, javascriptEnabled=true, browserName=chrome, chrome={userDataDir=/var/folders/lk/wbyh2y9970s9vq1btj3_9xxc0000gp/T/.org.chromium.Chromium.vIM2Lk, chromedriverVersion=2.22.397929 (fb72fb249a903a0b1041ea71eb4c8b3fa0d9be5a)}, rotatable=false, locationContextEnabled=true, mobileEmulationEnabled=false, version=51.0.2704.103, takesHeapSnapshot=true, cssSelectorsEnabled=true, databaseEnabled=false, handlesAlerts=true, browserConnectionEnabled=false, webStorageEnabled=true, nativeEvents=true, hasTouchScreen=false, applicationCacheEnabled=false, takesScreenshot=true}]
09:09:10.065 Stacktrace: 
sun.reflect.NativeConstructorAccessorImpl.newInstance0(Native Method)
sun.reflect.NativeConstructorAccessorImpl.newInstance(NativeConstructorAccessorImpl.java:57)
sun.reflect.DelegatingConstructorAccessorImpl.newInstance(DelegatingConstructorAccessorImpl.java:45)
java.lang.reflect.Constructor.newInstance(Constructor.java:526)
org.openqa.selenium.remote.ErrorHandler.createThrowable(ErrorHandler.java:206)
org.openqa.selenium.remote.ErrorHandler.throwIfResponseFailed(ErrorHandler.java:158)
org.openqa.selenium.remote.RemoteWebDriver.execute(RemoteWebDriver.java:678)
org.openqa.selenium.remote.RemoteWebDriver.execute(RemoteWebDriver.java:701)
org.openqa.selenium.remote.RemoteWebDriver.close(RemoteWebDriver.java:521)
org.bahmni.test.DriverFactory.tearDown(DriverFactory.java:27)
sun.reflect.NativeMethodAccessorImpl.invoke0(Native Method)
sun.reflect.NativeMethodAccessorImpl.invoke(NativeMethodAccessorImpl.java:57)
sun.reflect.DelegatingMethodAccessorImpl.invoke(DelegatingMethodAccessorImpl.java:43)
java.lang.reflect.Method.invoke(Method.java:606)
com.thoughtworks.gauge.execution.MethodExecutor.execute(MethodExecutor.java:31)
com.thoughtworks.gauge.execution.HooksExecutor$TaggedHookExecutor.executeHook(HooksExecutor.java:98)
com.thoughtworks.gauge.execution.HooksExecutor$TaggedHookExecutor.execute(HooksExecutor.java:84)
com.thoughtworks.gauge.execution.HooksExecutor.execute(HooksExecutor.java:41)
com.thoughtworks.gauge.processor.MethodExecutionMessageProcessor.executeHooks(MethodExecutionMessageProcessor.java:55)
com.thoughtworks.gauge.processor.SuiteExecutionEndingProcessor.process(SuiteExecutionEndingProcessor.java:26)
com.thoughtworks.gauge.connection.MessageDispatcher.dispatchMessages(MessageDispatcher.java:72)
com.thoughtworks.gauge.GaugeRuntime.main(GaugeRuntime.java:37)
09:09:10.247 Plugin [Html Report] with pid [18513] has exited
09:09:11.760 Specifications:	1 executed	0 passed	1 failed	0 skipped
09:09:11.760 Scenarios:	1 executed	0 passed	1 failed	0 skipped
09:09:11.760 
Total time taken: 38.4s
09:09:23.580 # Enroll Patients To Treatment
09:09:23.581 ## Create a patient and enroll to a treatment
09:09:23.582 * Create a random patient
09:09:23.582 * On the login page
09:09:23.928 Checking updates...
09:09:24.286 * Login with username "superman" and password "Admin123"
09:09:26.281 * Click on registration app
09:09:27.597 * Click on create new patient link
09:09:28.679 * Create the following patient 

     |EMR_ID_PREFIX|FirstName|Last Name|Gender|Date Of Birth|Address1|nationalIdentificationNumber|
     |-------------|---------|---------|------|-------------|--------|----------------------------|
     |GAN          |Dharam   |Kumar    |Male  |20/01/2011   |Bilaspur|13898                       |
09:09:30.145 * Click on treatment enrollment
09:09:31.741 * Register the patient to following program 

     |TB Register                      |Date Of Registration|Registration Number|Registration Facility     |
     |---------------------------------|--------------------|-------------------|--------------------------|
     |Basic management unit TB register|01/01/2015          |ABC                |Facility1, City1, Country1|
09:09:34.269 * Ensure that the patient is registered to mentioned program
09:09:35.561 Plugin [Html Report] with pid [18980] has exited
09:09:35.561 Specifications:	1 executed	1 passed	0 failed	0 skipped
09:09:35.561 Scenarios:	1 executed	1 passed	0 failed	0 skipped
09:09:35.561 
Total time taken: 14.175s
10:41:37.428 Checking updates...
10:41:41.780 # Create EndTB Patient Scenarios
10:41:41.780 ## Login to the App
10:41:41.781 * On the login page
10:42:57.182 * Login with username "superman" and password "Admin123"
10:42:59.019 
Failed Step: Login with username "superman" and password "Admin123"
10:42:59.019 Specification: specs/endtb/login.spec:8
10:42:59.019 Error Message: org.openqa.selenium.NoSuchElementException: no such element: Unable to locate element: {"method":"css selector","selector":"#username"}
  (Session info: chrome=51.0.2704.103)
  (Driver info: chromedriver=2.22.397929 (fb72fb249a903a0b1041ea71eb4c8b3fa0d9be5a),platform=Mac OS X 10.11.5 x86_64) (WARNING: The server did not provide any stacktrace information)
Command duration or timeout: 14 milliseconds
For documentation on this error, please visit: http://seleniumhq.org/exceptions/no_such_element.html
Build info: version: '2.52.0', revision: '4c2593cfc3689a7fcd7be52549167e5ccc93ad28', time: '2016-02-11 11:22:43'
System info: host: 'INbha.local', ip: '192.168.33.1', os.name: 'Mac OS X', os.arch: 'x86_64', os.version: '10.11.5', java.version: '1.7.0_71'
*** Element info: {Using=css selector, value=#username}
Session ID: bec1bc8e1b89389ab4908e549c18ed02
Driver info: org.openqa.selenium.chrome.ChromeDriver
Capabilities [{platform=MAC, acceptSslCerts=true, javascriptEnabled=true, browserName=chrome, chrome={userDataDir=/var/folders/lk/wbyh2y9970s9vq1btj3_9xxc0000gp/T/.org.chromium.Chromium.AZL4Za, chromedriverVersion=2.22.397929 (fb72fb249a903a0b1041ea71eb4c8b3fa0d9be5a)}, rotatable=false, locationContextEnabled=true, mobileEmulationEnabled=false, version=51.0.2704.103, takesHeapSnapshot=true, cssSelectorsEnabled=true, databaseEnabled=false, handlesAlerts=true, browserConnectionEnabled=false, webStorageEnabled=true, nativeEvents=true, hasTouchScreen=false, applicationCacheEnabled=false, takesScreenshot=true}]
10:42:59.019 Stacktrace: 
sun.reflect.NativeConstructorAccessorImpl.newInstance0(Native Method)
sun.reflect.NativeConstructorAccessorImpl.newInstance(NativeConstructorAccessorImpl.java:57)
sun.reflect.DelegatingConstructorAccessorImpl.newInstance(DelegatingConstructorAccessorImpl.java:45)
java.lang.reflect.Constructor.newInstance(Constructor.java:526)
org.openqa.selenium.remote.ErrorHandler.createThrowable(ErrorHandler.java:206)
org.openqa.selenium.remote.ErrorHandler.throwIfResponseFailed(ErrorHandler.java:158)
org.openqa.selenium.remote.RemoteWebDriver.execute(RemoteWebDriver.java:678)
org.openqa.selenium.remote.RemoteWebDriver.findElement(RemoteWebDriver.java:363)
org.openqa.selenium.remote.RemoteWebDriver.findElementByCssSelector(RemoteWebDriver.java:492)
org.openqa.selenium.By$ByCssSelector.findElement(By.java:430)
org.openqa.selenium.remote.RemoteWebDriver.findElement(RemoteWebDriver.java:355)
org.openqa.selenium.support.pagefactory.DefaultElementLocator.findElement(DefaultElementLocator.java:69)
org.openqa.selenium.support.pagefactory.internal.LocatingElementHandler.invoke(LocatingElementHandler.java:38)
com.sun.proxy.$Proxy3.sendKeys(Unknown Source)
org.bahmni.test.page.login.LoginPage.login(LoginPage.java:40)
org.bahmni.test.page.login.LoginPage.login(LoginPage.java:36)
org.bahmni.test.page.LoginSpec.login(LoginSpec.java:25)
sun.reflect.NativeMethodAccessorImpl.invoke0(Native Method)
sun.reflect.NativeMethodAccessorImpl.invoke(NativeMethodAccessorImpl.java:57)
sun.reflect.DelegatingMethodAccessorImpl.invoke(DelegatingMethodAccessorImpl.java:43)
java.lang.reflect.Method.invoke(Method.java:606)
com.thoughtworks.gauge.execution.MethodExecutor.execute(MethodExecutor.java:31)
com.thoughtworks.gauge.execution.StepExecutionStage.executeStepMethod(StepExecutionStage.java:94)
com.thoughtworks.gauge.execution.StepExecutionStage.executeStep(StepExecutionStage.java:77)
com.thoughtworks.gauge.execution.StepExecutionStage.execute(StepExecutionStage.java:58)
com.thoughtworks.gauge.execution.AbstractExecutionStage.executeNext(AbstractExecutionStage.java:24)
com.thoughtworks.gauge.execution.HookExecutionStage.execute(HookExecutionStage.java:42)
com.thoughtworks.gauge.execution.ExecutionPipeline.start(ExecutionPipeline.java:31)
com.thoughtworks.gauge.processor.ExecuteStepProcessor.process(ExecuteStepProcessor.java:34)
com.thoughtworks.gauge.connection.MessageDispatcher.dispatchMessages(MessageDispatcher.java:72)
com.thoughtworks.gauge.GaugeRuntime.main(GaugeRuntime.java:37)
10:42:59.232 Plugin [Html Report] with pid [54792] has exited
10:43:02.668 Specifications:	1 executed	0 passed	1 failed	0 skipped
10:43:02.668 Scenarios:	1 executed	0 passed	1 failed	0 skipped
10:43:02.668 
Total time taken: 1m20.751s
10:46:44.653 Checking updates...
10:46:49.297 # Enroll Patients To Treatment
10:46:49.298 ## Create a patient and enroll to a treatment
10:46:49.298 * Create a random patient
10:46:49.298 * On the login page
10:48:04.600 * Login with username "superman" and password "Admin123"
10:48:06.496 
Failed Step: Login with username "superman" and password "Admin123"
10:48:06.496 Specification: specs/endtb/enrollPatientsToTreatment.spec
10:48:06.496 Error Message: org.openqa.selenium.NoSuchElementException: no such element: Unable to locate element: {"method":"css selector","selector":"#username"}
  (Session info: chrome=51.0.2704.103)
  (Driver info: chromedriver=2.22.397929 (fb72fb249a903a0b1041ea71eb4c8b3fa0d9be5a),platform=Mac OS X 10.11.5 x86_64) (WARNING: The server did not provide any stacktrace information)
Command duration or timeout: 14 milliseconds
For documentation on this error, please visit: http://seleniumhq.org/exceptions/no_such_element.html
Build info: version: '2.52.0', revision: '4c2593cfc3689a7fcd7be52549167e5ccc93ad28', time: '2016-02-11 11:22:43'
System info: host: 'INbha.local', ip: '192.168.33.1', os.name: 'Mac OS X', os.arch: 'x86_64', os.version: '10.11.5', java.version: '1.7.0_71'
*** Element info: {Using=css selector, value=#username}
Session ID: 6c57704aeea5b6ed88a76e6f1efec4d6
Driver info: org.openqa.selenium.chrome.ChromeDriver
Capabilities [{platform=MAC, acceptSslCerts=true, javascriptEnabled=true, browserName=chrome, chrome={userDataDir=/var/folders/lk/wbyh2y9970s9vq1btj3_9xxc0000gp/T/.org.chromium.Chromium.vGEOP1, chromedriverVersion=2.22.397929 (fb72fb249a903a0b1041ea71eb4c8b3fa0d9be5a)}, rotatable=false, locationContextEnabled=true, mobileEmulationEnabled=false, version=51.0.2704.103, takesHeapSnapshot=true, cssSelectorsEnabled=true, databaseEnabled=false, handlesAlerts=true, browserConnectionEnabled=false, webStorageEnabled=true, nativeEvents=true, hasTouchScreen=false, applicationCacheEnabled=false, takesScreenshot=true}]
10:48:06.496 Stacktrace: 
sun.reflect.NativeConstructorAccessorImpl.newInstance0(Native Method)
sun.reflect.NativeConstructorAccessorImpl.newInstance(NativeConstructorAccessorImpl.java:57)
sun.reflect.DelegatingConstructorAccessorImpl.newInstance(DelegatingConstructorAccessorImpl.java:45)
java.lang.reflect.Constructor.newInstance(Constructor.java:526)
org.openqa.selenium.remote.ErrorHandler.createThrowable(ErrorHandler.java:206)
org.openqa.selenium.remote.ErrorHandler.throwIfResponseFailed(ErrorHandler.java:158)
org.openqa.selenium.remote.RemoteWebDriver.execute(RemoteWebDriver.java:678)
org.openqa.selenium.remote.RemoteWebDriver.findElement(RemoteWebDriver.java:363)
org.openqa.selenium.remote.RemoteWebDriver.findElementByCssSelector(RemoteWebDriver.java:492)
org.openqa.selenium.By$ByCssSelector.findElement(By.java:430)
org.openqa.selenium.remote.RemoteWebDriver.findElement(RemoteWebDriver.java:355)
org.openqa.selenium.support.pagefactory.DefaultElementLocator.findElement(DefaultElementLocator.java:69)
org.openqa.selenium.support.pagefactory.internal.LocatingElementHandler.invoke(LocatingElementHandler.java:38)
com.sun.proxy.$Proxy3.sendKeys(Unknown Source)
org.bahmni.test.page.login.LoginPage.login(LoginPage.java:40)
org.bahmni.test.page.login.LoginPage.login(LoginPage.java:36)
org.bahmni.test.page.LoginSpec.login(LoginSpec.java:25)
sun.reflect.NativeMethodAccessorImpl.invoke0(Native Method)
sun.reflect.NativeMethodAccessorImpl.invoke(NativeMethodAccessorImpl.java:57)
sun.reflect.DelegatingMethodAccessorImpl.invoke(DelegatingMethodAccessorImpl.java:43)
java.lang.reflect.Method.invoke(Method.java:606)
com.thoughtworks.gauge.execution.MethodExecutor.execute(MethodExecutor.java:31)
com.thoughtworks.gauge.execution.StepExecutionStage.executeStepMethod(StepExecutionStage.java:94)
com.thoughtworks.gauge.execution.StepExecutionStage.executeStep(StepExecutionStage.java:77)
com.thoughtworks.gauge.execution.StepExecutionStage.execute(StepExecutionStage.java:58)
com.thoughtworks.gauge.execution.AbstractExecutionStage.executeNext(AbstractExecutionStage.java:24)
com.thoughtworks.gauge.execution.HookExecutionStage.execute(HookExecutionStage.java:42)
com.thoughtworks.gauge.execution.ExecutionPipeline.start(ExecutionPipeline.java:31)
com.thoughtworks.gauge.processor.ExecuteStepProcessor.process(ExecuteStepProcessor.java:34)
com.thoughtworks.gauge.connection.MessageDispatcher.dispatchMessages(MessageDispatcher.java:72)
com.thoughtworks.gauge.GaugeRuntime.main(GaugeRuntime.java:37)
10:48:06.732 Plugin [Html Report] with pid [57527] has exited
10:48:10.733 Killing runner with PID:57523 forcefully
10:48:10.733 Specifications:	1 executed	0 passed	1 failed	0 skipped
10:48:10.733 Scenarios:	1 executed	0 passed	1 failed	0 skipped
10:48:10.733 
Total time taken: 1m20.283s
11:02:50.933 Checking updates...
11:02:53.724 # Create Patient Scenarios
11:02:53.725 ## Login to the App
11:02:53.725 * On the login page
11:02:54.765 * Login with username "superman" and password "Admin123"
11:02:56.171 * Click on registration app
11:02:57.514 * Click on create new patient link
11:02:58.673 * Create the following patient 

     |EMR_ID_PREFIX|FirstName|Last Name  |Gender|Date Of Birth|Address1|
     |-------------|---------|-----------|------|-------------|--------|
     |GAN          |Bharat   |Akkinepalli|Male  |20/01/2011   |Bilaspur|
11:03:00.117 
Failed Step: Create the following patient
11:03:00.117 Error Message: java.lang.IndexOutOfBoundsException: Index: 6, Size: 6
11:03:00.117 Specification: specs/core/login.spec:11
11:03:00.117 Stacktrace: 
java.util.ArrayList.rangeCheck(ArrayList.java:635)
java.util.ArrayList.get(ArrayList.java:411)
org.bahmni.endtb.page.registration.EndTBRegistrationFirstPage.transformTableRowToPatient(EndTBRegistrationFirstPage.java:36)
org.bahmni.test.page.RegistrationFirstPageSpec.createPatients(RegistrationFirstPageSpec.java:39)
sun.reflect.NativeMethodAccessorImpl.invoke0(Native Method)
sun.reflect.NativeMethodAccessorImpl.invoke(NativeMethodAccessorImpl.java:57)
sun.reflect.DelegatingMethodAccessorImpl.invoke(DelegatingMethodAccessorImpl.java:43)
java.lang.reflect.Method.invoke(Method.java:606)
com.thoughtworks.gauge.execution.MethodExecutor.execute(MethodExecutor.java:31)
com.thoughtworks.gauge.execution.StepExecutionStage.executeStepMethod(StepExecutionStage.java:94)
com.thoughtworks.gauge.execution.StepExecutionStage.executeStep(StepExecutionStage.java:77)
com.thoughtworks.gauge.execution.StepExecutionStage.execute(StepExecutionStage.java:58)
com.thoughtworks.gauge.execution.AbstractExecutionStage.executeNext(AbstractExecutionStage.java:24)
com.thoughtworks.gauge.execution.HookExecutionStage.execute(HookExecutionStage.java:42)
com.thoughtworks.gauge.execution.ExecutionPipeline.start(ExecutionPipeline.java:31)
com.thoughtworks.gauge.processor.ExecuteStepProcessor.process(ExecuteStepProcessor.java:34)
com.thoughtworks.gauge.connection.MessageDispatcher.dispatchMessages(MessageDispatcher.java:72)
com.thoughtworks.gauge.GaugeRuntime.main(GaugeRuntime.java:37)
11:03:00.119 # Enroll Patients To Treatment
11:03:00.119 ## Create a patient and enroll to a treatment
11:03:00.120 * Create a random patient
11:03:00.120 * On the login page
11:03:00.287 * Login with username "superman" and password "Admin123"
11:03:01.820 
Failed Step: Login with username "superman" and password "Admin123"
11:03:01.820 Error Message: org.openqa.selenium.NoSuchElementException: no such element: Unable to locate element: {"method":"css selector","selector":"#username"}
  (Session info: chrome=51.0.2704.103)
  (Driver info: chromedriver=2.22.397929 (fb72fb249a903a0b1041ea71eb4c8b3fa0d9be5a),platform=Mac OS X 10.11.5 x86_64) (WARNING: The server did not provide any stacktrace information)
Command duration or timeout: 13 milliseconds
For documentation on this error, please visit: http://seleniumhq.org/exceptions/no_such_element.html
Build info: version: '2.52.0', revision: '4c2593cfc3689a7fcd7be52549167e5ccc93ad28', time: '2016-02-11 11:22:43'
System info: host: 'INbha.local', ip: '192.168.33.1', os.name: 'Mac OS X', os.arch: 'x86_64', os.version: '10.11.5', java.version: '1.7.0_71'
*** Element info: {Using=css selector, value=#username}
Session ID: 2c123b2ccd0636fcddf78d197457b571
Driver info: org.openqa.selenium.chrome.ChromeDriver
Capabilities [{platform=MAC, acceptSslCerts=true, javascriptEnabled=true, browserName=chrome, chrome={userDataDir=/var/folders/lk/wbyh2y9970s9vq1btj3_9xxc0000gp/T/.org.chromium.Chromium.vmPrp9, chromedriverVersion=2.22.397929 (fb72fb249a903a0b1041ea71eb4c8b3fa0d9be5a)}, rotatable=false, locationContextEnabled=true, mobileEmulationEnabled=false, version=51.0.2704.103, takesHeapSnapshot=true, cssSelectorsEnabled=true, databaseEnabled=false, handlesAlerts=true, browserConnectionEnabled=false, webStorageEnabled=true, nativeEvents=true, hasTouchScreen=false, applicationCacheEnabled=false, takesScreenshot=true}]
11:03:01.820 Specification: specs/endtb/enrollPatientsToTreatment.spec
11:03:01.820 Stacktrace: 
sun.reflect.NativeConstructorAccessorImpl.newInstance0(Native Method)
sun.reflect.NativeConstructorAccessorImpl.newInstance(NativeConstructorAccessorImpl.java:57)
sun.reflect.DelegatingConstructorAccessorImpl.newInstance(DelegatingConstructorAccessorImpl.java:45)
java.lang.reflect.Constructor.newInstance(Constructor.java:526)
org.openqa.selenium.remote.ErrorHandler.createThrowable(ErrorHandler.java:206)
org.openqa.selenium.remote.ErrorHandler.throwIfResponseFailed(ErrorHandler.java:158)
org.openqa.selenium.remote.RemoteWebDriver.execute(RemoteWebDriver.java:678)
org.openqa.selenium.remote.RemoteWebDriver.findElement(RemoteWebDriver.java:363)
org.openqa.selenium.remote.RemoteWebDriver.findElementByCssSelector(RemoteWebDriver.java:492)
org.openqa.selenium.By$ByCssSelector.findElement(By.java:430)
org.openqa.selenium.remote.RemoteWebDriver.findElement(RemoteWebDriver.java:355)
org.openqa.selenium.support.pagefactory.DefaultElementLocator.findElement(DefaultElementLocator.java:69)
org.openqa.selenium.support.pagefactory.internal.LocatingElementHandler.invoke(LocatingElementHandler.java:38)
com.sun.proxy.$Proxy3.sendKeys(Unknown Source)
org.bahmni.test.page.login.LoginPage.login(LoginPage.java:40)
org.bahmni.test.page.login.LoginPage.login(LoginPage.java:36)
org.bahmni.test.page.LoginSpec.login(LoginSpec.java:25)
sun.reflect.NativeMethodAccessorImpl.invoke0(Native Method)
sun.reflect.NativeMethodAccessorImpl.invoke(NativeMethodAccessorImpl.java:57)
sun.reflect.DelegatingMethodAccessorImpl.invoke(DelegatingMethodAccessorImpl.java:43)
java.lang.reflect.Method.invoke(Method.java:606)
com.thoughtworks.gauge.execution.MethodExecutor.execute(MethodExecutor.java:31)
com.thoughtworks.gauge.execution.StepExecutionStage.executeStepMethod(StepExecutionStage.java:94)
com.thoughtworks.gauge.execution.StepExecutionStage.executeStep(StepExecutionStage.java:77)
com.thoughtworks.gauge.execution.StepExecutionStage.execute(StepExecutionStage.java:58)
com.thoughtworks.gauge.execution.AbstractExecutionStage.executeNext(AbstractExecutionStage.java:24)
com.thoughtworks.gauge.execution.HookExecutionStage.execute(HookExecutionStage.java:42)
com.thoughtworks.gauge.execution.ExecutionPipeline.start(ExecutionPipeline.java:31)
com.thoughtworks.gauge.processor.ExecuteStepProcessor.process(ExecuteStepProcessor.java:34)
com.thoughtworks.gauge.connection.MessageDispatcher.dispatchMessages(MessageDispatcher.java:72)
com.thoughtworks.gauge.GaugeRuntime.main(GaugeRuntime.java:37)
11:03:01.822 # Create EndTB Patient Scenarios
11:03:01.823 ## Login to the App
11:03:01.823 * On the login page
11:03:01.987 * Login with username "superman" and password "Admin123"
11:03:03.226 
Failed Step: Login with username "superman" and password "Admin123"
11:03:03.226 Error Message: org.openqa.selenium.NoSuchElementException: no such element: Unable to locate element: {"method":"css selector","selector":"#username"}
  (Session info: chrome=51.0.2704.103)
  (Driver info: chromedriver=2.22.397929 (fb72fb249a903a0b1041ea71eb4c8b3fa0d9be5a),platform=Mac OS X 10.11.5 x86_64) (WARNING: The server did not provide any stacktrace information)
Command duration or timeout: 41 milliseconds
For documentation on this error, please visit: http://seleniumhq.org/exceptions/no_such_element.html
Build info: version: '2.52.0', revision: '4c2593cfc3689a7fcd7be52549167e5ccc93ad28', time: '2016-02-11 11:22:43'
System info: host: 'INbha.local', ip: '192.168.33.1', os.name: 'Mac OS X', os.arch: 'x86_64', os.version: '10.11.5', java.version: '1.7.0_71'
*** Element info: {Using=css selector, value=#username}
Session ID: 2c123b2ccd0636fcddf78d197457b571
Driver info: org.openqa.selenium.chrome.ChromeDriver
Capabilities [{platform=MAC, acceptSslCerts=true, javascriptEnabled=true, browserName=chrome, chrome={userDataDir=/var/folders/lk/wbyh2y9970s9vq1btj3_9xxc0000gp/T/.org.chromium.Chromium.vmPrp9, chromedriverVersion=2.22.397929 (fb72fb249a903a0b1041ea71eb4c8b3fa0d9be5a)}, rotatable=false, locationContextEnabled=true, mobileEmulationEnabled=false, version=51.0.2704.103, takesHeapSnapshot=true, cssSelectorsEnabled=true, databaseEnabled=false, handlesAlerts=true, browserConnectionEnabled=false, webStorageEnabled=true, nativeEvents=true, hasTouchScreen=false, applicationCacheEnabled=false, takesScreenshot=true}]
11:03:03.226 Specification: specs/endtb/login.spec:8
11:03:03.226 Stacktrace: 
sun.reflect.NativeConstructorAccessorImpl.newInstance0(Native Method)
sun.reflect.NativeConstructorAccessorImpl.newInstance(NativeConstructorAccessorImpl.java:57)
sun.reflect.DelegatingConstructorAccessorImpl.newInstance(DelegatingConstructorAccessorImpl.java:45)
java.lang.reflect.Constructor.newInstance(Constructor.java:526)
org.openqa.selenium.remote.ErrorHandler.createThrowable(ErrorHandler.java:206)
org.openqa.selenium.remote.ErrorHandler.throwIfResponseFailed(ErrorHandler.java:158)
org.openqa.selenium.remote.RemoteWebDriver.execute(RemoteWebDriver.java:678)
org.openqa.selenium.remote.RemoteWebDriver.findElement(RemoteWebDriver.java:363)
org.openqa.selenium.remote.RemoteWebDriver.findElementByCssSelector(RemoteWebDriver.java:492)
org.openqa.selenium.By$ByCssSelector.findElement(By.java:430)
org.openqa.selenium.remote.RemoteWebDriver.findElement(RemoteWebDriver.java:355)
org.openqa.selenium.support.pagefactory.DefaultElementLocator.findElement(DefaultElementLocator.java:69)
org.openqa.selenium.support.pagefactory.internal.LocatingElementHandler.invoke(LocatingElementHandler.java:38)
com.sun.proxy.$Proxy3.sendKeys(Unknown Source)
org.bahmni.test.page.login.LoginPage.login(LoginPage.java:40)
org.bahmni.test.page.login.LoginPage.login(LoginPage.java:36)
org.bahmni.test.page.LoginSpec.login(LoginSpec.java:25)
sun.reflect.NativeMethodAccessorImpl.invoke0(Native Method)
sun.reflect.NativeMethodAccessorImpl.invoke(NativeMethodAccessorImpl.java:57)
sun.reflect.DelegatingMethodAccessorImpl.invoke(DelegatingMethodAccessorImpl.java:43)
java.lang.reflect.Method.invoke(Method.java:606)
com.thoughtworks.gauge.execution.MethodExecutor.execute(MethodExecutor.java:31)
com.thoughtworks.gauge.execution.StepExecutionStage.executeStepMethod(StepExecutionStage.java:94)
com.thoughtworks.gauge.execution.StepExecutionStage.executeStep(StepExecutionStage.java:77)
com.thoughtworks.gauge.execution.StepExecutionStage.execute(StepExecutionStage.java:58)
com.thoughtworks.gauge.execution.AbstractExecutionStage.executeNext(AbstractExecutionStage.java:24)
com.thoughtworks.gauge.execution.HookExecutionStage.execute(HookExecutionStage.java:42)
com.thoughtworks.gauge.execution.ExecutionPipeline.start(ExecutionPipeline.java:31)
com.thoughtworks.gauge.processor.ExecuteStepProcessor.process(ExecuteStepProcessor.java:34)
com.thoughtworks.gauge.connection.MessageDispatcher.dispatchMessages(MessageDispatcher.java:72)
com.thoughtworks.gauge.GaugeRuntime.main(GaugeRuntime.java:37)
11:03:03.227 # Specification Heading
11:03:03.227 ## Vowel counts in single word
11:03:03.228 * Vowels in English language are "aeiou".

11:03:03.229 * The word "gauge" has "3" vowels.

11:03:03.232 ## Vowel counts in multiple word
11:03:03.232 * Vowels in English language are "aeiou".

11:03:03.233 * Almost all words have vowels 

     |Word  |Vowel Count|
     |------|-----------|
     |Gauge |3          |
     |Mingle|2          |
     |Snap  |1          |
     |GoCD  |1          |
     |Rhythm|0          |
11:03:03.466 Plugin [Html Report] with pid [66330] has exited
11:03:06.184 Specifications:	4 executed	1 passed	3 failed	0 skipped
11:03:06.184 Scenarios:	5 executed	2 passed	3 failed	0 skipped
11:03:06.184 
Total time taken: 12.347s
22:55:36.529 Runner connection error: Timed out connecting to [::]:57466
22:55:36.531 Error while killing runner: os: process already finished
22:55:36.531 Killing Gauge daemon. Timed out connecting to [::]:57466
22:56:25.114 Got a kill message. Killing runner.
22:56:29.115 Killing runner with PID:46673 forcefully
